<?xml version="1.0" encoding="UTF-8"?>
<!-- Generated by org.testng.reporters.JUnitXMLReporter -->
<testsuite ignored="0" hostname="Laptop-Christian" failures="0" tests="4" name="Default test" time="0.061" errors="0" timestamp="2024-01-16T10:25:12 MEZ">
  <testcase classname="formsTesting.GroupTest" name="testArea" time="0.012"/>
  <testcase classname="formsTesting.GroupTest" name="testCircumference" time="0.002"/>
  <testcase classname="formsTesting.GroupTest" name="testFindBiggestForm" time="0.002"/>
  <testcase classname="formsTesting.GroupTest" name="testPrintAll" time="0.003"/>
</testsuite> <!-- Default test -->
