<?xml version="1.0" encoding="UTF-8"?>
<!-- Generated by org.testng.reporters.JUnitXMLReporter -->
<testsuite ignored="0" hostname="Laptop-Christian" failures="0" tests="4" name="Default test" time="0.061" errors="0" timestamp="2024-02-06T10:03:06 MEZ">
  <testcase classname="Test.CalculationTest" name="FindMax" time="0.012"/>
  <testcase classname="Test.CalculationTest" name="testCube" time="0.002"/>
  <testcase classname="Test.CalculationTest" name="testReverseWord" time="0.002"/>
  <testcase classname="Test.CalculationTest" name="testToThePowerOf" time="0.001"/>
</testsuite> <!-- Default test -->
